Traceback (most recent call last):
  File "/home/i/ivanlee/finmem/run.py", line 11, in <module>
    from puppy import MarketEnvironment, LLMAgent, RunMode
  File "/home/i/ivanlee/finmem/puppy/__init__.py", line 2, in <module>
    from .agent import LLMAgent
  File "/home/i/ivanlee/finmem/puppy/agent.py", line 13, in <module>
    from .reflection import trading_reflection
  File "/home/i/ivanlee/finmem/puppy/reflection.py", line 9, in <module>
    from guardrails.validators import ValidChoices
ImportError: cannot import name 'ValidChoices' from 'guardrails.validators' (/home/i/ivanlee/finmem/.venv/lib/python3.11/site-packages/guardrails/validators/__init__.py)
Traceback (most recent call last):
  File "/home/i/ivanlee/finmem/run.py", line 11, in <module>
    from puppy import MarketEnvironment, LLMAgent, RunMode
  File "/home/i/ivanlee/finmem/puppy/__init__.py", line 2, in <module>
    from .agent import LLMAgent
  File "/home/i/ivanlee/finmem/puppy/agent.py", line 13, in <module>
    from .reflection import trading_reflection
  File "/home/i/ivanlee/finmem/puppy/reflection.py", line 9, in <module>
    from guardrails.validators import ValidChoices
ImportError: cannot import name 'ValidChoices' from 'guardrails.validators' (/home/i/ivanlee/finmem/.venv/lib/python3.11/site-packages/guardrails/validators/__init__.py)
Traceback (most recent call last):
  File "/home/i/ivanlee/finmem/run.py", line 11, in <module>
    from puppy import MarketEnvironment, LLMAgent, RunMode
  File "/home/i/ivanlee/finmem/puppy/__init__.py", line 2, in <module>
    from .agent import LLMAgent
  File "/home/i/ivanlee/finmem/puppy/agent.py", line 13, in <module>
    from .reflection import trading_reflection
  File "/home/i/ivanlee/finmem/puppy/reflection.py", line 9, in <module>
    from guardrails.validators import ValidChoices
ImportError: cannot import name 'ValidChoices' from 'guardrails.validators' (/home/i/ivanlee/finmem/.venv/lib/python3.11/site-packages/guardrails/validators/__init__.py)
Traceback (most recent call last):
  File "/home/i/ivanlee/finmem/run.py", line 11, in <module>
    from puppy import MarketEnvironment, LLMAgent, RunMode
  File "/home/i/ivanlee/finmem/puppy/__init__.py", line 2, in <module>
    from .agent import LLMAgent
  File "/home/i/ivanlee/finmem/puppy/agent.py", line 13, in <module>
    from .reflection import trading_reflection
  File "/home/i/ivanlee/finmem/puppy/reflection.py", line 9, in <module>
    from guardrails.validators import ValidChoices
ImportError: cannot import name 'ValidChoices' from 'guardrails.validators' (/home/i/ivanlee/finmem/.venv/lib/python3.11/site-packages/guardrails/validators/__init__.py)
