Using CPython 3.11.13
Creating virtual environment at: .venv
warning: No `requires-python` value found in the workspace. Defaulting to `>=3.11`.
Resolved 108 packages in 16ms
Downloading pygments (1.2MiB)
Downloading pydantic-core (2.0MiB)
Downloading rapidfuzz (3.0MiB)
Downloading pyarrow (45.4MiB)
Downloading debugpy (3.0MiB)
Downloading jedi (1.5MiB)
Downloading lxml (5.0MiB)
Downloading pillow (6.7MiB)
Downloading numpy (16.1MiB)
Downloading pandas (10.7MiB)
Downloading curl-cffi (7.9MiB)
Downloading nltk (1.4MiB)
Downloading edgartools (2.7MiB)
Downloading polars-runtime-32 (43.1MiB)
   Building jieba3k==0.35.1
   Building tinysegmenter==0.3
   Building feedfinder2==0.0.4
 Downloaded pydantic-core
 Downloaded rapidfuzz
 Downloaded pygments
 Downloaded debugpy
 Downloaded pillow
 Downloaded nltk
 Downloaded curl-cffi
 Downloaded edgartools
 Downloaded lxml
      Built feedfinder2==0.0.4
      Built tinysegmenter==0.3
 Downloaded polars-runtime-32
 Downloaded numpy
      Built jieba3k==0.35.1
 Downloaded pyarrow
 Downloaded pandas
 Downloaded jedi
Prepared 103 packages in 16.96s
Installed 105 packages in 4.04s
 + aiofiles==25.1.0
 + annotated-types==0.7.0
 + anyio==4.12.1
 + asttokens==3.0.1
 + beautifulsoup4==4.14.3
 + certifi==2026.1.4
 + cffi==2.0.0
 + charset-normalizer==3.4.4
 + clean-text==0.7.1
 + click==8.3.1
 + comm==0.2.3
 + cssselect==1.4.0
 + curl-cffi==0.13.0
 + debugpy==1.8.20
 + decorator==5.2.1
 + dotenv==0.9.9
 + edgartools==5.16.3
 + emoji==2.15.0
 + executing==2.2.1
 + feedfinder2==0.0.4
 + feedparser==6.0.12
 + filelock==3.24.3
 + frozendict==2.4.7
 + ftfy==6.3.1
 + h11==0.16.0
 + httpcore==1.0.9
 + httpx==0.28.1
 + httpxthrottlecache==0.3.0
 + humanize==4.15.0
 + idna==3.11
 + ipykernel==7.2.0
 + ipython==9.10.0
 + ipython-pygments-lexers==1.1.1
 + jedi==0.19.2
 + jieba3k==0.35.1
 + jinja2==3.1.6
 + joblib==1.5.3
 + jupyter-client==8.8.0
 + jupyter-core==5.9.1
 + levenshtein==0.27.3
 + lxml==6.0.2
 + lxml-html-clean==0.4.3
 + markdown-it-py==4.0.0
 + markupsafe==3.0.3
 + matplotlib-inline==0.2.1
 + mdurl==0.1.2
 + multitasking==0.0.12
 + nest-asyncio==1.6.0
 + newspaper3k==0.2.8
 + nltk==3.9.2
 + numpy==2.4.2
 + orjson==3.11.7
 + packaging==26.0
 + pandas==3.0.1
 + parso==0.8.5
 + peewee==4.0.0
 + pexpect==4.9.0
 + pillow==12.1.1
 + platformdirs==4.5.1
 + polars==1.37.1
 + polars-runtime-32==1.37.1
 + prompt-toolkit==3.0.52
 + protobuf==6.33.5
 + psutil==7.2.2
 + ptyprocess==0.7.0
 + pure-eval==0.2.3
 + pyarrow==23.0.1
 + pycparser==3.0
 + pydantic==2.12.5
 + pydantic-core==2.41.5
 + pygments==2.19.2
 + pyrate-limiter==4.0.2
 + python-dateutil==2.9.0.post0
 + python-dotenv==1.2.1
 + python-levenshtein==0.27.3
 + pytz==2025.2
 + pyyaml==6.0.3
 + pyzmq==27.1.0
 + rank-bm25==0.2.2
 + rapidfuzz==3.14.3
 + regex==2026.2.19
 + requests==2.32.5
 + requests-file==3.0.1
 + rich==14.3.2
 + sgmllib3k==1.0.0
 + six==1.17.0
 + soupsieve==2.8.3
 + stack-data==0.6.3
 + stamina==25.2.0
 + tabulate==0.9.0
 + tenacity==9.1.4
 + textdistance==4.6.3
 + tinysegmenter==0.3
 + tldextract==5.3.1
 + tornado==6.5.4
 + tqdm==4.67.2
 + traitlets==5.14.3
 + truststore==0.10.4
 + typing-extensions==4.15.0
 + typing-inspection==0.4.2
 + unidecode==1.4.0
 + urllib3==2.6.3
 + wcwidth==0.5.3
 + websockets==16.0
 + yfinance==1.2.0
warning: No `requires-python` value found in the workspace. Defaulting to `>=3.11`.
  0%|          | 0/32 [00:00<?, ?it/s][2026-02-23T17:41:47.850] error: *** JOB 384206 ON xcnf20 CANCELLED AT 2026-02-23T17:41:47 DUE to SIGNAL Terminated ***
